build/intermediates/manifest_merge_blame_file/debug/manifest-merger-blame-debug-report.txt
1<?xml version="1.0" encoding="utf-8"?>
2<!--
3 Copyright (C) 2007 The Android Open Source Project
4
5     Licensed under the Apache License, Version 2.0 (the "License");
6     you may not use this file except in compliance with the License.
7     You may obtain a copy of the License at
8
9     http://www.apache.org/licenses/LICENSE-2.0
10
11     Unless required by applicable law or agreed to in writing, software
12     distributed under the License is distributed on an "AS IS" BASIS,
13     WITHOUT WARRANTIES OR CONDITIONS OF ANY KIND, either express or implied.
14     See the License for the specific language governing permissions and
15     limitations under the License.
16-->
17<manifest xmlns:android="http://schemas.android.com/apk/res/android"
18    package="com.android.music"
19    android:versionCode="1"
20    android:versionName="1.0" >
21
22    <uses-sdk
23        android:minSdkVersion="29"
23-->Desktop\SnapdragonMusic\AndroidManifest.xml
24        android:targetSdkVersion="29" />
24-->Desktop\SnapdragonMusic\AndroidManifest.xml
25
26    <uses-permission android:name="android.permission.FOREGROUND_SERVICE" />
26-->Desktop\SnapdragonMusic\AndroidManifest.xml:20:5-76
26-->Desktop\SnapdragonMusic\AndroidManifest.xml:20:22-74
27    <uses-permission android:name="android.permission.WRITE_SETTINGS" />
27-->Desktop\SnapdragonMusic\AndroidManifest.xml:21:5-72
27-->Desktop\SnapdragonMusic\AndroidManifest.xml:21:22-70
28    <uses-permission android:name="android.permission.SYSTEM_ALERT_WINDOW" />
28-->Desktop\SnapdragonMusic\AndroidManifest.xml:22:5-77
28-->Desktop\SnapdragonMusic\AndroidManifest.xml:22:22-75
29    <uses-permission android:name="android.permission.WAKE_LOCK" />
29-->Desktop\SnapdragonMusic\AndroidManifest.xml:23:5-67
29-->Desktop\SnapdragonMusic\AndroidManifest.xml:23:22-65
30    <uses-permission android:name="android.permission.INTERNET" />
30-->Desktop\SnapdragonMusic\AndroidManifest.xml:24:5-66
30-->Desktop\SnapdragonMusic\AndroidManifest.xml:24:22-64
31    <uses-permission android:name="android.permission.READ_PHONE_STATE" />
31-->Desktop\SnapdragonMusic\AndroidManifest.xml:25:5-74
31-->Desktop\SnapdragonMusic\AndroidManifest.xml:25:22-72
32    <uses-permission android:name="android.permission.READ_EXTERNAL_STORAGE" />
32-->Desktop\SnapdragonMusic\AndroidManifest.xml:26:5-79
32-->Desktop\SnapdragonMusic\AndroidManifest.xml:26:22-77
33    <uses-permission android:name="android.permission.WRITE_EXTERNAL_STORAGE" />
33-->Desktop\SnapdragonMusic\AndroidManifest.xml:27:5-80
33-->Desktop\SnapdragonMusic\AndroidManifest.xml:27:22-78
34    <uses-permission android:name="android.permission.BROADCAST_STICKY" />
34-->Desktop\SnapdragonMusic\AndroidManifest.xml:28:5-74
34-->Desktop\SnapdragonMusic\AndroidManifest.xml:28:22-72
35    <uses-permission android:name="android.permission.BLUETOOTH" />
35-->Desktop\SnapdragonMusic\AndroidManifest.xml:29:5-68
35-->Desktop\SnapdragonMusic\AndroidManifest.xml:29:22-65
36    <uses-permission android:name="android.permission.BLUETOOTH_ADMIN" />
36-->Desktop\SnapdragonMusic\AndroidManifest.xml:30:5-74
36-->Desktop\SnapdragonMusic\AndroidManifest.xml:30:22-71
37    <uses-permission android:name="android.permission.MOUNT_UNMOUNT_FILESYSTEMS" />
37-->Desktop\SnapdragonMusic\AndroidManifest.xml:31:5-83
37-->Desktop\SnapdragonMusic\AndroidManifest.xml:31:22-81
38    <uses-permission android:name="android.permission.WRITE_MEDIA_STORAGE" />
38-->Desktop\SnapdragonMusic\AndroidManifest.xml:32:5-77
38-->Desktop\SnapdragonMusic\AndroidManifest.xml:32:22-75
39    <uses-permission android:name="android.permission.SYSTEM_ALERT_WINDOW" />
39-->Desktop\SnapdragonMusic\AndroidManifest.xml:22:5-77
39-->Desktop\SnapdragonMusic\AndroidManifest.xml:22:22-75
40    <!-- App Declaration -->
41    <application
41-->Desktop\SnapdragonMusic\AndroidManifest.xml:36:5-308:19
42        android:allowBackup="true"
42-->Desktop\SnapdragonMusic\AndroidManifest.xml:44:9-35
43        android:allowTaskReparenting="true"
43-->Desktop\SnapdragonMusic\AndroidManifest.xml:41:9-44
44        android:appComponentFactory="androidx.core.app.CoreComponentFactory"
44-->[androidx.core:core:1.1.0] AndroidManifest.xml:24:18-86
45        android:debuggable="true"
46        android:extractNativeLibs="false"
47        android:hardwareAccelerated="true"
47-->Desktop\SnapdragonMusic\AndroidManifest.xml:40:9-43
48        android:icon="@drawable/app_music"
48-->Desktop\SnapdragonMusic\AndroidManifest.xml:37:9-43
49        android:label="@string/musicbrowserlabel"
49-->Desktop\SnapdragonMusic\AndroidManifest.xml:38:9-50
50        android:supportsRtl="true"
50-->Desktop\SnapdragonMusic\AndroidManifest.xml:43:9-35
51        android:taskAffinity="android.task.music"
51-->Desktop\SnapdragonMusic\AndroidManifest.xml:39:9-50
52        android:testOnly="true"
53        android:usesCleartextTraffic="true" >
53-->Desktop\SnapdragonMusic\AndroidManifest.xml:42:9-44
54
55        <!-- Meta Data -->
56        <meta-data
56-->Desktop\SnapdragonMusic\AndroidManifest.xml:47:8-50:11
57            android:name="android.app.default_searchable"
57-->Desktop\SnapdragonMusic\AndroidManifest.xml:48:13-58
58            android:value="com.android.music.QueryBrowserActivity" />
58-->Desktop\SnapdragonMusic\AndroidManifest.xml:49:13-67
59        <!-- Main Activity -->
60        <activity
60-->Desktop\SnapdragonMusic\AndroidManifest.xml:52:9-83:20
61            android:name="com.android.music.MusicBrowserActivity"
61-->Desktop\SnapdragonMusic\AndroidManifest.xml:52:19-72
62            android:configChanges="orientation|screenSize|fontScale"
62-->Desktop\SnapdragonMusic\AndroidManifest.xml:54:13-69
63            android:exported="true"
63-->Desktop\SnapdragonMusic\AndroidManifest.xml:56:13-36
64            android:launchMode="singleTask"
64-->Desktop\SnapdragonMusic\AndroidManifest.xml:55:13-44
65            android:theme="@style/AppTheme" >
65-->Desktop\SnapdragonMusic\AndroidManifest.xml:53:13-44
66            <intent-filter>
66-->Desktop\SnapdragonMusic\AndroidManifest.xml:57:13-63:29
67                <action android:name="android.intent.action.MAIN" />
67-->Desktop\SnapdragonMusic\AndroidManifest.xml:58:17-69
67-->Desktop\SnapdragonMusic\AndroidManifest.xml:58:25-66
68                <action android:name="android.intent.action.MUSIC_PLAYER" />
68-->Desktop\SnapdragonMusic\AndroidManifest.xml:59:17-77
68-->Desktop\SnapdragonMusic\AndroidManifest.xml:59:25-74
69
70                <category android:name="android.intent.category.DEFAULT" />
70-->Desktop\SnapdragonMusic\AndroidManifest.xml:60:17-76
70-->Desktop\SnapdragonMusic\AndroidManifest.xml:60:27-73
71                <category android:name="android.intent.category.LAUNCHER" />
71-->Desktop\SnapdragonMusic\AndroidManifest.xml:61:17-77
71-->Desktop\SnapdragonMusic\AndroidManifest.xml:61:27-74
72                <category android:name="android.intent.category.APP_MUSIC" />
72-->Desktop\SnapdragonMusic\AndroidManifest.xml:62:17-78
72-->Desktop\SnapdragonMusic\AndroidManifest.xml:62:27-75
73            </intent-filter>
74            <intent-filter>
74-->Desktop\SnapdragonMusic\AndroidManifest.xml:64:15-73:29
75                <category android:name="android.intent.category.DEFAULT" />
75-->Desktop\SnapdragonMusic\AndroidManifest.xml:60:17-76
75-->Desktop\SnapdragonMusic\AndroidManifest.xml:60:27-73
76
77                <data android:scheme="content" />
77-->Desktop\SnapdragonMusic\AndroidManifest.xml:66:17-49
77-->Desktop\SnapdragonMusic\AndroidManifest.xml:66:23-47
78                <data android:host="media" />
78-->Desktop\SnapdragonMusic\AndroidManifest.xml:66:17-49
78-->Desktop\SnapdragonMusic\AndroidManifest.xml:67:23-43
79                <data android:mimeType="audio/*" />
79-->Desktop\SnapdragonMusic\AndroidManifest.xml:66:17-49
79-->Desktop\SnapdragonMusic\AndroidManifest.xml:68:23-49
80                <data android:mimeType="application/ogg" />
80-->Desktop\SnapdragonMusic\AndroidManifest.xml:66:17-49
80-->Desktop\SnapdragonMusic\AndroidManifest.xml:68:23-49
81                <data android:mimeType="application/x-ogg" />
81-->Desktop\SnapdragonMusic\AndroidManifest.xml:66:17-49
81-->Desktop\SnapdragonMusic\AndroidManifest.xml:68:23-49
82                <data android:mimeType="application/itunes" />
82-->Desktop\SnapdragonMusic\AndroidManifest.xml:66:17-49
82-->Desktop\SnapdragonMusic\AndroidManifest.xml:68:23-49
83                <data android:mimeType="vnd.android.cursor.dir/playlist" />
83-->Desktop\SnapdragonMusic\AndroidManifest.xml:66:17-49
83-->Desktop\SnapdragonMusic\AndroidManifest.xml:68:23-49
84            </intent-filter>
85            <intent-filter>
85-->Desktop\SnapdragonMusic\AndroidManifest.xml:74:13-78:29
86                <action android:name="android.intent.action.EDIT" />
86-->Desktop\SnapdragonMusic\AndroidManifest.xml:75:17-69
86-->Desktop\SnapdragonMusic\AndroidManifest.xml:75:25-66
87
88                <category android:name="android.intent.category.DEFAULT" />
88-->Desktop\SnapdragonMusic\AndroidManifest.xml:60:17-76
88-->Desktop\SnapdragonMusic\AndroidManifest.xml:60:27-73
89
90                <data android:mimeType="vnd.android.cursor.dir/playlist" />
90-->Desktop\SnapdragonMusic\AndroidManifest.xml:66:17-49
90-->Desktop\SnapdragonMusic\AndroidManifest.xml:68:23-49
91            </intent-filter>
92            <intent-filter>
92-->Desktop\SnapdragonMusic\AndroidManifest.xml:79:13-82:29
93                <action android:name="com.android.music.PLAYBACK_VIEWER" />
93-->Desktop\SnapdragonMusic\AndroidManifest.xml:80:17-76
93-->Desktop\SnapdragonMusic\AndroidManifest.xml:80:25-73
94
95                <category android:name="android.intent.category.DEFAULT" />
95-->Desktop\SnapdragonMusic\AndroidManifest.xml:60:17-76
95-->Desktop\SnapdragonMusic\AndroidManifest.xml:60:27-73
96            </intent-filter>
97        </activity>
98
99        <activity-alias
99-->Desktop\SnapdragonMusic\AndroidManifest.xml:175:9-186:26
100            android:name="com.android.music.PlaylistShortcutActivity"
100-->Desktop\SnapdragonMusic\AndroidManifest.xml:175:25-82
101            android:exported="true"
101-->Desktop\SnapdragonMusic\AndroidManifest.xml:179:13-36
102            android:icon="@drawable/ic_launcher_shortcut_music_playlist"
102-->Desktop\SnapdragonMusic\AndroidManifest.xml:178:13-73
103            android:label="@string/musicshortcutlabel"
103-->Desktop\SnapdragonMusic\AndroidManifest.xml:177:13-55
104            android:targetActivity="com.android.music.MusicBrowserActivity" >
104-->Desktop\SnapdragonMusic\AndroidManifest.xml:176:13-76
105            <intent-filter>
105-->Desktop\SnapdragonMusic\AndroidManifest.xml:181:13-184:29
106                <action android:name="android.intent.action.CREATE_SHORTCUT" />
106-->Desktop\SnapdragonMusic\AndroidManifest.xml:182:17-80
106-->Desktop\SnapdragonMusic\AndroidManifest.xml:182:25-77
107
108                <category android:name="android.intent.category.DEFAULT" />
108-->Desktop\SnapdragonMusic\AndroidManifest.xml:60:17-76
108-->Desktop\SnapdragonMusic\AndroidManifest.xml:60:27-73
109            </intent-filter>
110        </activity-alias>
111        <!--
112             This is the "current music playing" panel, which has special
113             launch behavior.  We clear its task affinity, so it will not
114             be associated with the main media task and if launched
115             from a notification will not bring the rest of the media app
116             to the foreground.  We make it singleTask so that when others
117             launch it (such as media) we will launch in to our own task.
118             We set clearTaskOnLaunch because the user
119             can go to a playlist from this activity, so if they later return
120             to it we want it back in its initial state.  We exclude from
121             recents since this is accessible through a notification when
122             appropriate.
123        -->
124        <activity
124-->Desktop\SnapdragonMusic\AndroidManifest.xml:95:9-105:20
125            android:name="com.android.music.MediaPlaybackActivity"
125-->Desktop\SnapdragonMusic\AndroidManifest.xml:95:19-73
126            android:clearTaskOnLaunch="true"
126-->Desktop\SnapdragonMusic\AndroidManifest.xml:100:17-49
127            android:configChanges="orientation|keyboardHidden"
127-->Desktop\SnapdragonMusic\AndroidManifest.xml:102:17-67
128            android:excludeFromRecents="true"
128-->Desktop\SnapdragonMusic\AndroidManifest.xml:101:17-50
129            android:label="@string/mediaplaybacklabel"
129-->Desktop\SnapdragonMusic\AndroidManifest.xml:97:17-59
130            android:launchMode="singleTask"
130-->Desktop\SnapdragonMusic\AndroidManifest.xml:99:17-48
131            android:taskAffinity=""
131-->Desktop\SnapdragonMusic\AndroidManifest.xml:98:17-40
132            android:theme="@style/AppTheme" >
132-->Desktop\SnapdragonMusic\AndroidManifest.xml:96:17-48
133        </activity>
134        <activity
134-->Desktop\SnapdragonMusic\AndroidManifest.xml:107:9-109:20
135            android:name="com.codeaurora.music.custom.PermissionActivity"
135-->Desktop\SnapdragonMusic\AndroidManifest.xml:107:19-80
136            android:launchMode="singleTask" >
136-->Desktop\SnapdragonMusic\AndroidManifest.xml:108:19-50
137        </activity>
138        <activity
138-->Desktop\SnapdragonMusic\AndroidManifest.xml:111:9-144:20
139            android:name="com.android.music.AudioPreview"
139-->Desktop\SnapdragonMusic\AndroidManifest.xml:111:19-46
140            android:configChanges="orientation"
140-->Desktop\SnapdragonMusic\AndroidManifest.xml:114:17-52
141            android:excludeFromRecents="true"
141-->Desktop\SnapdragonMusic\AndroidManifest.xml:113:17-50
142            android:exported="true"
142-->Desktop\SnapdragonMusic\AndroidManifest.xml:113:51-74
143            android:taskAffinity=""
143-->Desktop\SnapdragonMusic\AndroidManifest.xml:112:17-40
144            android:theme="@android:style/Theme.Material.Dialog" >
144-->Desktop\SnapdragonMusic\AndroidManifest.xml:111:47-99
145            <intent-filter>
145-->Desktop\SnapdragonMusic\AndroidManifest.xml:115:13-123:29
146                <action android:name="android.intent.action.VIEW" />
146-->Desktop\SnapdragonMusic\AndroidManifest.xml:116:17-69
146-->Desktop\SnapdragonMusic\AndroidManifest.xml:116:25-66
147
148                <category android:name="android.intent.category.DEFAULT" />
148-->Desktop\SnapdragonMusic\AndroidManifest.xml:60:17-76
148-->Desktop\SnapdragonMusic\AndroidManifest.xml:60:27-73
149
150                <data android:scheme="file" />
150-->Desktop\SnapdragonMusic\AndroidManifest.xml:66:17-49
150-->Desktop\SnapdragonMusic\AndroidManifest.xml:66:23-47
151                <data android:mimeType="audio/*" />
151-->Desktop\SnapdragonMusic\AndroidManifest.xml:66:17-49
151-->Desktop\SnapdragonMusic\AndroidManifest.xml:68:23-49
152                <data android:mimeType="application/ogg" />
152-->Desktop\SnapdragonMusic\AndroidManifest.xml:66:17-49
152-->Desktop\SnapdragonMusic\AndroidManifest.xml:68:23-49
153                <data android:mimeType="application/x-ogg" />
153-->Desktop\SnapdragonMusic\AndroidManifest.xml:66:17-49
153-->Desktop\SnapdragonMusic\AndroidManifest.xml:68:23-49
154                <data android:mimeType="application/itunes" />
154-->Desktop\SnapdragonMusic\AndroidManifest.xml:66:17-49
154-->Desktop\SnapdragonMusic\AndroidManifest.xml:68:23-49
155            </intent-filter>
156            <intent-filter>
156-->Desktop\SnapdragonMusic\AndroidManifest.xml:124:13-133:29
157                <action android:name="android.intent.action.VIEW" />
157-->Desktop\SnapdragonMusic\AndroidManifest.xml:116:17-69
157-->Desktop\SnapdragonMusic\AndroidManifest.xml:116:25-66
158
159                <category android:name="android.intent.category.DEFAULT" />
159-->Desktop\SnapdragonMusic\AndroidManifest.xml:60:17-76
159-->Desktop\SnapdragonMusic\AndroidManifest.xml:60:27-73
160                <category android:name="android.intent.category.BROWSABLE" />
160-->Desktop\SnapdragonMusic\AndroidManifest.xml:127:17-78
160-->Desktop\SnapdragonMusic\AndroidManifest.xml:127:27-75
161
162                <data android:scheme="http" />
162-->Desktop\SnapdragonMusic\AndroidManifest.xml:66:17-49
162-->Desktop\SnapdragonMusic\AndroidManifest.xml:66:23-47
163                <data android:mimeType="audio/*" />
163-->Desktop\SnapdragonMusic\AndroidManifest.xml:66:17-49
163-->Desktop\SnapdragonMusic\AndroidManifest.xml:68:23-49
164                <data android:mimeType="application/ogg" />
164-->Desktop\SnapdragonMusic\AndroidManifest.xml:66:17-49
164-->Desktop\SnapdragonMusic\AndroidManifest.xml:68:23-49
165                <data android:mimeType="application/x-ogg" />
165-->Desktop\SnapdragonMusic\AndroidManifest.xml:66:17-49
165-->Desktop\SnapdragonMusic\AndroidManifest.xml:68:23-49
166                <data android:mimeType="application/itunes" />
166-->Desktop\SnapdragonMusic\AndroidManifest.xml:66:17-49
166-->Desktop\SnapdragonMusic\AndroidManifest.xml:68:23-49
167            </intent-filter>
168            <intent-filter>
168-->Desktop\SnapdragonMusic\AndroidManifest.xml:134:13-143:29
169                <action android:name="android.intent.action.VIEW" />
169-->Desktop\SnapdragonMusic\AndroidManifest.xml:116:17-69
169-->Desktop\SnapdragonMusic\AndroidManifest.xml:116:25-66
170
171                <category android:name="android.intent.category.DEFAULT" />
171-->Desktop\SnapdragonMusic\AndroidManifest.xml:60:17-76
171-->Desktop\SnapdragonMusic\AndroidManifest.xml:60:27-73
172                <category android:name="android.intent.category.BROWSABLE" />
172-->Desktop\SnapdragonMusic\AndroidManifest.xml:127:17-78
172-->Desktop\SnapdragonMusic\AndroidManifest.xml:127:27-75
173
174                <data android:scheme="content" />
174-->Desktop\SnapdragonMusic\AndroidManifest.xml:66:17-49
174-->Desktop\SnapdragonMusic\AndroidManifest.xml:66:23-47
175                <data android:mimeType="audio/*" />
175-->Desktop\SnapdragonMusic\AndroidManifest.xml:66:17-49
175-->Desktop\SnapdragonMusic\AndroidManifest.xml:68:23-49
176                <data android:mimeType="application/ogg" />
176-->Desktop\SnapdragonMusic\AndroidManifest.xml:66:17-49
176-->Desktop\SnapdragonMusic\AndroidManifest.xml:68:23-49
177                <data android:mimeType="application/x-ogg" />
177-->Desktop\SnapdragonMusic\AndroidManifest.xml:66:17-49
177-->Desktop\SnapdragonMusic\AndroidManifest.xml:68:23-49
178                <data android:mimeType="application/itunes" />
178-->Desktop\SnapdragonMusic\AndroidManifest.xml:66:17-49
178-->Desktop\SnapdragonMusic\AndroidManifest.xml:68:23-49
179            </intent-filter>
180        </activity>
181        <activity
181-->Desktop\SnapdragonMusic\AndroidManifest.xml:146:9-160:20
182            android:name="com.android.music.QueryBrowserActivity"
182-->Desktop\SnapdragonMusic\AndroidManifest.xml:146:19-72
183            android:configChanges="orientation|keyboardHidden|screenSize"
183-->Desktop\SnapdragonMusic\AndroidManifest.xml:150:17-78
184            android:exported="true"
184-->Desktop\SnapdragonMusic\AndroidManifest.xml:148:17-40
185            android:launchMode="singleTask"
185-->Desktop\SnapdragonMusic\AndroidManifest.xml:149:17-48
186            android:theme="@style/QueryTheme" >
186-->Desktop\SnapdragonMusic\AndroidManifest.xml:147:17-50
187            <intent-filter>
187-->Desktop\SnapdragonMusic\AndroidManifest.xml:151:13-155:29
188                <action android:name="android.intent.action.SEARCH" />
188-->Desktop\SnapdragonMusic\AndroidManifest.xml:152:17-71
188-->Desktop\SnapdragonMusic\AndroidManifest.xml:152:25-68
189                <action android:name="android.intent.action.MEDIA_SEARCH" />
189-->Desktop\SnapdragonMusic\AndroidManifest.xml:153:17-77
189-->Desktop\SnapdragonMusic\AndroidManifest.xml:153:25-74
190
191                <category android:name="android.intent.category.DEFAULT" />
191-->Desktop\SnapdragonMusic\AndroidManifest.xml:60:17-76
191-->Desktop\SnapdragonMusic\AndroidManifest.xml:60:27-73
192            </intent-filter>
193
194            <meta-data
194-->Desktop\SnapdragonMusic\AndroidManifest.xml:156:13-159:15
195                android:name="android.app.searchable"
195-->Desktop\SnapdragonMusic\AndroidManifest.xml:157:17-54
196                android:resource="@xml/searchable" />
196-->Desktop\SnapdragonMusic\AndroidManifest.xml:158:17-51
197        </activity>
198        <activity
198-->Desktop\SnapdragonMusic\AndroidManifest.xml:161:9-174:20
199            android:name="com.android.music.PlaylistBrowserActivity"
199-->Desktop\SnapdragonMusic\AndroidManifest.xml:161:19-75
200            android:configChanges="orientation|keyboardHidden|screenSize"
200-->Desktop\SnapdragonMusic\AndroidManifest.xml:164:17-78
201            android:exported="true"
201-->Desktop\SnapdragonMusic\AndroidManifest.xml:163:17-40
202            android:label="@string/musicbrowserlabel" >
202-->Desktop\SnapdragonMusic\AndroidManifest.xml:162:17-58
203            <intent-filter>
203-->Desktop\SnapdragonMusic\AndroidManifest.xml:165:13-169:29
204                <action android:name="android.intent.action.PICK" />
204-->Desktop\SnapdragonMusic\AndroidManifest.xml:166:17-69
204-->Desktop\SnapdragonMusic\AndroidManifest.xml:166:25-66
205
206                <category android:name="android.intent.category.DEFAULT" />
206-->Desktop\SnapdragonMusic\AndroidManifest.xml:60:17-76
206-->Desktop\SnapdragonMusic\AndroidManifest.xml:60:27-73
207
208                <data android:mimeType="vnd.android.cursor.dir/playlist" />
208-->Desktop\SnapdragonMusic\AndroidManifest.xml:66:17-49
208-->Desktop\SnapdragonMusic\AndroidManifest.xml:68:23-49
209            </intent-filter>
210            <intent-filter>
210-->Desktop\SnapdragonMusic\AndroidManifest.xml:170:13-173:29
211                <category android:name="android.intent.category.DEFAULT" />
211-->Desktop\SnapdragonMusic\AndroidManifest.xml:60:17-76
211-->Desktop\SnapdragonMusic\AndroidManifest.xml:60:27-73
212
213                <data android:mimeType="vnd.android.cursor.dir/playlist" />
213-->Desktop\SnapdragonMusic\AndroidManifest.xml:66:17-49
213-->Desktop\SnapdragonMusic\AndroidManifest.xml:68:23-49
214            </intent-filter>
215        </activity>
216        <activity
216-->Desktop\SnapdragonMusic\AndroidManifest.xml:188:9-190:20
217            android:name="com.android.music.GestureHandler"
217-->Desktop\SnapdragonMusic\AndroidManifest.xml:188:19-48
218            android:theme="@android:style/Theme.NoDisplay" >
218-->Desktop\SnapdragonMusic\AndroidManifest.xml:189:13-59
219        </activity>
220
221        <activity-alias
221-->Desktop\SnapdragonMusic\AndroidManifest.xml:201:9-205:26
222            android:name="com.android.music.MusticGestureNextActivity"
222-->Desktop\SnapdragonMusic\AndroidManifest.xml:201:25-83
223            android:exported="true"
223-->Desktop\SnapdragonMusic\AndroidManifest.xml:204:13-36
224            android:label="@string/music_gesture_next"
224-->Desktop\SnapdragonMusic\AndroidManifest.xml:203:13-55
225            android:targetActivity="com.android.music.GestureHandler" >
225-->Desktop\SnapdragonMusic\AndroidManifest.xml:202:13-70
226        </activity-alias>
227        <activity-alias
227-->Desktop\SnapdragonMusic\AndroidManifest.xml:196:9-200:26
228            android:name="com.android.music.MusticGesturePrevActivity"
228-->Desktop\SnapdragonMusic\AndroidManifest.xml:196:25-83
229            android:exported="true"
229-->Desktop\SnapdragonMusic\AndroidManifest.xml:199:13-36
230            android:label="@string/music_gesture_prev"
230-->Desktop\SnapdragonMusic\AndroidManifest.xml:198:13-55
231            android:targetActivity="com.android.music.GestureHandler" >
231-->Desktop\SnapdragonMusic\AndroidManifest.xml:197:13-70
232        </activity-alias>
233        <activity-alias
233-->Desktop\SnapdragonMusic\AndroidManifest.xml:191:9-195:26
234            android:name="com.android.music.MusticGesturePlayActivity"
234-->Desktop\SnapdragonMusic\AndroidManifest.xml:191:25-83
235            android:exported="true"
235-->Desktop\SnapdragonMusic\AndroidManifest.xml:194:13-36
236            android:label="@string/music_gesture_play"
236-->Desktop\SnapdragonMusic\AndroidManifest.xml:193:13-55
237            android:targetActivity="com.android.music.GestureHandler" >
237-->Desktop\SnapdragonMusic\AndroidManifest.xml:192:13-70
238        </activity-alias>
239
240        <activity
240-->Desktop\SnapdragonMusic\AndroidManifest.xml:207:9-227:20
241            android:name="com.android.music.VideoBrowserActivity"
241-->Desktop\SnapdragonMusic\AndroidManifest.xml:207:19-72
242            android:exported="true"
242-->Desktop\SnapdragonMusic\AndroidManifest.xml:211:13-36
243            android:icon="@drawable/app_video"
243-->Desktop\SnapdragonMusic\AndroidManifest.xml:210:13-47
244            android:label="@string/videobrowserlabel"
244-->Desktop\SnapdragonMusic\AndroidManifest.xml:209:13-54
245            android:taskAffinity="android.task.video" >
245-->Desktop\SnapdragonMusic\AndroidManifest.xml:208:13-54
246            <intent-filter>
246-->Desktop\SnapdragonMusic\AndroidManifest.xml:212:13-216:29
247                <action android:name="android.intent.action.PICK" />
247-->Desktop\SnapdragonMusic\AndroidManifest.xml:166:17-69
247-->Desktop\SnapdragonMusic\AndroidManifest.xml:166:25-66
248
249                <category android:name="android.intent.category.DEFAULT" />
249-->Desktop\SnapdragonMusic\AndroidManifest.xml:60:17-76
249-->Desktop\SnapdragonMusic\AndroidManifest.xml:60:27-73
250
251                <data android:mimeType="vnd.android.cursor.dir/video" />
251-->Desktop\SnapdragonMusic\AndroidManifest.xml:66:17-49
251-->Desktop\SnapdragonMusic\AndroidManifest.xml:68:23-49
252            </intent-filter>
253            <intent-filter>
253-->Desktop\SnapdragonMusic\AndroidManifest.xml:217:13-221:29
254                <action android:name="android.intent.action.MAIN" />
254-->Desktop\SnapdragonMusic\AndroidManifest.xml:58:17-69
254-->Desktop\SnapdragonMusic\AndroidManifest.xml:58:25-66
255
256                <category android:name="android.intent.category.DEFAULT" />
256-->Desktop\SnapdragonMusic\AndroidManifest.xml:60:17-76
256-->Desktop\SnapdragonMusic\AndroidManifest.xml:60:27-73
257                <category android:name="android.intent.category.LAUNCHER" />
257-->Desktop\SnapdragonMusic\AndroidManifest.xml:61:17-77
257-->Desktop\SnapdragonMusic\AndroidManifest.xml:61:27-74
258            </intent-filter>
259            <intent-filter>
259-->Desktop\SnapdragonMusic\AndroidManifest.xml:222:13-224:29
260                <action android:name="android.intent.action.SEARCH" />
260-->Desktop\SnapdragonMusic\AndroidManifest.xml:152:17-71
260-->Desktop\SnapdragonMusic\AndroidManifest.xml:152:25-68
261            </intent-filter>
262
263            <meta-data
263-->Desktop\SnapdragonMusic\AndroidManifest.xml:156:13-159:15
264                android:name="android.app.searchable"
264-->Desktop\SnapdragonMusic\AndroidManifest.xml:157:17-54
265                android:resource="@xml/searchable_video" />
265-->Desktop\SnapdragonMusic\AndroidManifest.xml:158:17-51
266        </activity>
267        <activity
267-->Desktop\SnapdragonMusic\AndroidManifest.xml:228:9-251:20
268            android:name="com.android.music.MediaPickerActivity"
268-->Desktop\SnapdragonMusic\AndroidManifest.xml:228:19-71
269            android:exported="false"
269-->Desktop\SnapdragonMusic\AndroidManifest.xml:229:58-82
270            android:label="@string/mediapickerlabel" >
270-->Desktop\SnapdragonMusic\AndroidManifest.xml:229:17-57
271
272            <!--
273            <intent-filter>
274                <action android:name="android.intent.action.PICK" />
275                <category android:name="android.intent.category.DEFAULT" />
276                <data android:mimeType="media/*"/>
277                <data android:mimeType="audio/*"/>
278                <data android:mimeType="application/ogg"/>
279                <data android:mimeType="application/x-ogg"/>
280                <data android:mimeType="video/*"/>
281            </intent-filter>
282            <intent-filter>
283                <action android:name="android.intent.action.GET_CONTENT" />
284                <category android:name="android.intent.category.DEFAULT" />
285                <category android:name="android.intent.category.OPENABLE" />
286                <data android:mimeType="media/*"/>
287                <data android:mimeType="audio/*"/>
288                <data android:mimeType="application/ogg"/>
289                <data android:mimeType="application/x-ogg"/>
290                <data android:mimeType="video/*"/>
291            </intent-filter>
292            -->
293        </activity>
294        <activity
294-->Desktop\SnapdragonMusic\AndroidManifest.xml:252:9-273:20
295            android:name="com.android.music.MusicPicker"
295-->Desktop\SnapdragonMusic\AndroidManifest.xml:252:19-63
296            android:configChanges="orientation|keyboardHidden|screenSize"
296-->Desktop\SnapdragonMusic\AndroidManifest.xml:253:17-78
297            android:exported="true"
297-->Desktop\SnapdragonMusic\AndroidManifest.xml:254:60-83
298            android:label="@string/music_picker_title" >
298-->Desktop\SnapdragonMusic\AndroidManifest.xml:254:17-59
299
300            <!--
301                 First way to invoke us: someone asks to get content of
302                 any of the audio types we support.
303            -->
304            <intent-filter>
304-->Desktop\SnapdragonMusic\AndroidManifest.xml:257:13-264:29
305                <action android:name="android.intent.action.GET_CONTENT" />
305-->Desktop\SnapdragonMusic\AndroidManifest.xml:258:17-76
305-->Desktop\SnapdragonMusic\AndroidManifest.xml:258:25-73
306
307                <category android:name="android.intent.category.DEFAULT" />